ca65 V2.10.5 - (C) Copyright 1998-2004 Ullrich von Bassewitz
Main file   : file.s
Current file: file.s

000000r 1               ;
000000r 1               ; File generated by cc65 v 2.10.5
000000r 1               ;
000000r 1               	.fopt		compiler,"cc65 v 2.10.5"
000000r 1               	.setcpu		"65C02"
000000r 1               	.smart		on
000000r 1               	.autoimport	on
000000r 1               	.case		on
000000r 1               	.debuginfo	off
000000r 1               	.importzp	sp, sreg, regsave, regbank, tmp1, ptr1, ptr2
000000r 1               	.macpack	longbranch
000000r 1               	.export		_main
000000r 1               
000000r 1               .segment	"DATA"
000000r 1               
000000r 1               _lut:
000000r 1  00           	.byte	$00
000001r 1  00           	.byte	$00
000002r 1  00           	.byte	$00
000003r 1  00           	.byte	$00
000004r 1  08           	.byte	$08
000005r 1  04           	.byte	$04
000006r 1  02           	.byte	$02
000007r 1  01           	.byte	$01
000008r 1  80           	.byte	$80
000009r 1  40           	.byte	$40
00000Ar 1  20           	.byte	$20
00000Br 1  10           	.byte	$10
00000Cr 1  88           	.byte	$88
00000Dr 1  44           	.byte	$44
00000Er 1  22           	.byte	$22
00000Fr 1  11           	.byte	$11
000010r 1               
000010r 1               ; ---------------------------------------------------------------
000010r 1               ; int __near__ main (void)
000010r 1               ; ---------------------------------------------------------------
000010r 1               
000010r 1               .segment	"CODE"
000000r 1               
000000r 1               .proc	_main: near
000000r 1               
000000r 1               .segment	"CODE"
000000r 1               
000000r 1  20 rr rr     	jsr     decsp3
000003r 1  A2 00        	ldx     #$00
000005r 1  A9 81        	lda     #$81
000007r 1  A0 01        L0054:	ldy     #$01
000009r 1  20 rr rr     	jsr     staxysp
00000Cr 1  A0 04        	ldy     #$04
00000Er 1  20 rr rr     	jsr     pushwysp
000011r 1  A2 01        	ldx     #$01
000013r 1  A9 00        	lda     #$00
000015r 1  20 rr rr     	jsr     tosicmp
000018r 1  30 03 4C rr  	jpl     L0015
00001Cr 1  rr           
00001Dr 1  A2 00        	ldx     #$00
00001Fr 1  A9 80        	lda     #$80
000021r 1  20 rr rr     	jsr     pushax
000024r 1  A0 04        	ldy     #$04
000026r 1  20 rr rr     	jsr     ldaxysp
000029r 1  20 rr rr     	jsr     tossubax
00002Cr 1  20 rr rr     	jsr     pushax
00002Fr 1  A2 C4        	ldx     #$C4
000031r 1  A9 00        	lda     #$00
000033r 1  20 rr rr     	jsr     pushax
000036r 1  A0 03        	ldy     #$03
000038r 1  20 rr rr     	jsr     ldaxysp
00003Br 1  20 rr rr     	jsr     tosdivax
00003Er 1  38           	sec
00003Fr 1  E9 E8        	sbc     #$E8
000041r 1  48           	pha
000042r 1  8A           	txa
000043r 1  E9 03        	sbc     #$03
000045r 1  AA           	tax
000046r 1  68           	pla
000047r 1  20 rr rr     	jsr     pushax
00004Ar 1  A2 A0        	ldx     #$A0
00004Cr 1  A9 00        	lda     #$00
00004Er 1  64 rr        	stz     sreg
000050r 1  64 rr        	stz     sreg+1
000052r 1  20 rr rr     	jsr     pusheax
000055r 1  A0 05        	ldy     #$05
000057r 1  20 rr rr     	jsr     ldaxysp
00005Ar 1  20 rr rr     	jsr     axlong
00005Dr 1  20 rr rr     	jsr     pusheax
000060r 1  A2 03        	ldx     #$03
000062r 1  64 rr        	stz     sreg
000064r 1  64 rr        	stz     sreg+1
000066r 1  A9 E8        	lda     #$E8
000068r 1  20 rr rr     	jsr     tosaddeax
00006Br 1  20 rr rr     	jsr     tosmuleax
00006Er 1  20 rr rr     	jsr     pusheax
000071r 1  A0 03        	ldy     #$03
000073r 1  20 rr rr     	jsr     ldeaxysp
000076r 1  20 rr rr     	jsr     negeax
000079r 1  20 rr rr     	jsr     pusheax
00007Cr 1  A0 07        	ldy     #$07
00007Er 1  20 rr rr     	jsr     ldeaxysp
000081r 1  20 rr rr     	jsr     pusheax
000084r 1  A0 07        	ldy     #$07
000086r 1  20 rr rr     	jsr     ldeaxysp
000089r 1  20 rr rr     	jsr     tossubeax
00008Cr 1  20 rr rr     	jsr     pusheax
00008Fr 1  A2 01        	ldx     #$01
000091r 1  64 rr        	stz     sreg
000093r 1  64 rr        	stz     sreg+1
000095r 1  A9 40        	lda     #$40
000097r 1  20 rr rr     	jsr     tosdiveax
00009Ar 1  20 rr rr     	jsr     pusheax
00009Dr 1  A0 12        	ldy     #$12
00009Fr 1  20 rr rr     	jsr     ldaxysp
0000A2r 1  29 F8        	and     #$F8
0000A4r 1  20 rr rr     	jsr     pushax
0000A7r 1  A9 50        	lda     #$50
0000A9r 1  20 rr rr     	jsr     tosmula0
0000ACr 1  18           	clc
0000ADr 1  48           	pha
0000AEr 1  8A           	txa
0000AFr 1  69 30        	adc     #$30
0000B1r 1  AA           	tax
0000B2r 1  68           	pla
0000B3r 1  85 rr        	sta     ptr1
0000B5r 1  86 rr        	stx     ptr1+1
0000B7r 1  A0 11        	ldy     #$11
0000B9r 1  B1 rr        	lda     (sp),y
0000BBr 1  29 07        	and     #$07
0000BDr 1  18           	clc
0000BEr 1  65 rr        	adc     ptr1
0000C0r 1  A6 rr        	ldx     ptr1+1
0000C2r 1  90 01        	bcc     L004F
0000C4r 1  E8           	inx
0000C5r 1  20 rr rr     L004F:	jsr     pushax
0000C8r 1  A9 01        	lda     #$01
0000CAr 1  20 rr rr     	jsr     pusha
0000CDr 1  A2 00        	ldx     #$00
0000CFr 1  A9 FF        	lda     #$FF
0000D1r 1  20 rr rr     	jsr     pushax
0000D4r 1  8A           	txa
0000D5r 1  A0 15        	ldy     #$15
0000D7r 1  91 rr        L0052:	sta     (sp),y
0000D9r 1  C9 50        	cmp     #$50
0000DBr 1  90 03 4C rr  	jcs     L002C
0000DFr 1  rr           
0000E0r 1  A9 00        	lda     #$00
0000E2r 1  20 rr rr     	jsr     pusha
0000E5r 1  20 rr rr     	jsr     decsp1
0000E8r 1  92 rr        L0051:	sta     (sp)
0000EAr 1  C9 04        	cmp     #$04
0000ECr 1  B0 74        	bcs     L0035
0000EEr 1  A0 0E        	ldy     #$0E
0000F0r 1  20 rr rr     	jsr     ldeaxysp
0000F3r 1  20 rr rr     	jsr     pusheax
0000F6r 1  A2 00        	ldx     #$00
0000F8r 1  64 rr        	stz     sreg+1
0000FAr 1  A9 20        	lda     #$20
0000FCr 1  85 rr        	sta     sreg
0000FEr 1  8A           	txa
0000FFr 1  20 rr rr     	jsr     tosandeax
000102r 1  20 rr rr     	jsr     tsteax
000105r 1  F0 08        	beq     L003E
000107r 1  A0 04        	ldy     #$04
000109r 1  B1 rr        	lda     (sp),y
00010Br 1  49 03        	eor     #$03
00010Dr 1  80 04        	bra     L0041
00010Fr 1  A0 04        L003E:	ldy     #$04
000111r 1  B1 rr        	lda     (sp),y
000113r 1  20 rr rr     L0041:	jsr     pusha
000116r 1  A0 02        	ldy     #$02
000118r 1  A2 00        	ldx     #$00
00011Ar 1  B1 rr        	lda     (sp),y
00011Cr 1  20 rr rr     	jsr     pushax
00011Fr 1  A0 02        	ldy     #$02
000121r 1  B1 rr        	lda     (sp),y
000123r 1  20 rr rr     	jsr     aslax2
000126r 1  18           	clc
000127r 1  69 rr        	adc     #<(_lut)
000129r 1  A8           	tay
00012Ar 1  8A           	txa
00012Br 1  69 rr        	adc     #>(_lut)
00012Dr 1  AA           	tax
00012Er 1  98           	tya
00012Fr 1  85 rr        	sta     ptr1
000131r 1  86 rr        	stx     ptr1+1
000133r 1  A0 03        	ldy     #$03
000135r 1  B1 rr        	lda     (sp),y
000137r 1  18           	clc
000138r 1  65 rr        	adc     ptr1
00013Ar 1  A6 rr        	ldx     ptr1+1
00013Cr 1  90 01        	bcc     L0050
00013Er 1  E8           	inx
00013Fr 1  A0 00        L0050:	ldy     #$00
000141r 1  85 rr        	sta     ptr1
000143r 1  86 rr        	stx     ptr1+1
000145r 1  A2 00        	ldx     #$00
000147r 1  B2 rr        	lda     (ptr1)
000149r 1  20 rr rr     	jsr     tosorax
00014Cr 1  A0 02        	ldy     #$02
00014Er 1  91 rr        	sta     (sp),y
000150r 1  A0 0B        	ldy     #$0B
000152r 1  20 rr rr     	jsr     ldeaxysp
000155r 1  A0 0C        	ldy     #$0C
000157r 1  20 rr rr     	jsr     laddeqysp
00015Ar 1  20 rr rr     	jsr     incsp1
00015Dr 1  B2 rr        	lda     (sp)
00015Fr 1  1A           	ina
000160r 1  80 86        	bra     L0051
000162r 1  A0 06        L0035:	ldy     #$06
000164r 1  20 rr rr     	jsr     ldaxysp
000167r 1  85 rr        	sta     sreg
000169r 1  86 rr        	stx     sreg+1
00016Br 1  A2 00        	ldx     #$00
00016Dr 1  A0 02        	ldy     #$02
00016Fr 1  B1 rr        	lda     (sp),y
000171r 1  88           	dey
000172r 1  31 rr        	and     (sp),y
000174r 1  92 rr        	sta     (sreg)
000176r 1  A0 05        	ldy     #$05
000178r 1  A9 08        	lda     #$08
00017Ar 1  20 rr rr     	jsr     addeqysp
00017Dr 1  20 rr rr     	jsr     incsp2
000180r 1  A0 15        	ldy     #$15
000182r 1  B1 rr        	lda     (sp),y
000184r 1  1A           	ina
000185r 1  4C rr rr     	jmp     L0052
000188r 1  20 rr rr     L002C:	jsr     addysp
00018Br 1  A0 02        	ldy     #$02
00018Dr 1  20 rr rr     	jsr     ldaxysp
000190r 1  1A           	ina
000191r 1  F0 03 4C rr  	jne     L0054
000195r 1  rr           
000196r 1  E8           	inx
000197r 1  4C rr rr     	jmp     L0054
00019Ar 1  A2 00        L0015:	ldx     #$00
00019Cr 1  8A           	txa
00019Dr 1  4C rr rr     	jmp     incsp3
0001A0r 1               
0001A0r 1               .endproc
0001A0r 1               
0001A0r 1               
